<?xml version="1.0" encoding="UTF-8"?>
<!-- Generated by org.testng.reporters.JUnitXMLReporter -->
<testsuite hostname="NitinPC" ignored="0" name="Default test" tests="3" failures="0" timestamp="29 Sep 2019 04:15:51 GMT" time="59.152" errors="0">
  <testcase name="ContactPageValidationTest" time="2.448" classname="com.freecrm.qa.testcases.HomePageTest"/>
  <testcase name="ContactTabValidationTest" time="1.37" classname="com.freecrm.qa.testcases.HomePageTest"/>
  <testcase name="HomePageLogoValidationTest" time="1.57" classname="com.freecrm.qa.testcases.HomePageTest"/>
</testsuite> <!-- Default test -->
